<?xml version="1.0" encoding="UTF-8"?>
<testsuite name="tracker.SampleTest" tests="1" skipped="0" failures="0" errors="0" timestamp="2022-10-26T12:01:04" hostname="MacBook-Pro-de-Jose.local" time="0.017">
  <properties/>
  <testcase name="test()" classname="tracker.SampleTest" time="0.017"/>
  <system-out><![CDATA[]]></system-out>
  <system-err><![CDATA[]]></system-err>
</testsuite>
