<?xml version="1.0" encoding="UTF-8"?>
<testsuite name="tracker.studentsmanager.StudentCredentialsParserTest" tests="84" skipped="0" failures="0" errors="0" timestamp="2022-10-26T12:01:04" hostname="MacBook-Pro-de-Jose.local" time="0.199">
  <properties/>
  <testcase name="[1] jsmith@hotmail.com, true" classname="tracker.studentsmanager.StudentCredentialsParserTest" time="0.022"/>
  <testcase name="[2] anny.md@mail.edu, true" classname="tracker.studentsmanager.StudentCredentialsParserTest" time="0.001"/>
  <testcase name="[3] jcda123@google.net, true" classname="tracker.studentsmanager.StudentCredentialsParserTest" time="0.001"/>
  <testcase name="[4] 125367at@zzz90.z9, true" classname="tracker.studentsmanager.StudentCredentialsParserTest" time="0.001"/>
  <testcase name="[5] u15da125@a1s2f4f7.a1c2c5s4, true" classname="tracker.studentsmanager.StudentCredentialsParserTest" time="0.001"/>
  <testcase name="[6] u15da1255@a1s2f4f7., false" classname="tracker.studentsmanager.StudentCredentialsParserTest" time="0.001"/>
  <testcase name="[7] name@company, false" classname="tracker.studentsmanager.StudentCredentialsParserTest" time="0.0"/>
  <testcase name="[8] nameATcompany.coom, false" classname="tracker.studentsmanager.StudentCredentialsParserTest" time="0.001"/>
  <testcase name="[9] @company.com, false" classname="tracker.studentsmanager.StudentCredentialsParserTest" time="0.0"/>
  <testcase name="[10] @company, false" classname="tracker.studentsmanager.StudentCredentialsParserTest" time="0.001"/>
  <testcase name="[11] @, false" classname="tracker.studentsmanager.StudentCredentialsParserTest" time="0.001"/>
  <testcase name="[12] name@.com, false" classname="tracker.studentsmanager.StudentCredentialsParserTest" time="0.001"/>
  <testcase name="[1] [John, Smith, jsmith@hotmail.com], true" classname="tracker.studentsmanager.StudentCredentialsParserTest" time="0.0"/>
  <testcase name="[2] [Anny, Doolittle, anny.md@mail.edu], true" classname="tracker.studentsmanager.StudentCredentialsParserTest" time="0.0"/>
  <testcase name="[3] [Jean-Claude, O'Connor, jcda123@google.net], true" classname="tracker.studentsmanager.StudentCredentialsParserTest" time="0.001"/>
  <testcase name="[4] [Mary, Emelianenko, 125367at@zzz90.z9], true" classname="tracker.studentsmanager.StudentCredentialsParserTest" time="0.001"/>
  <testcase name="[5] [Al, Owen, u15da125@a1s2f4f7.a1c2c5s4], true" classname="tracker.studentsmanager.StudentCredentialsParserTest" time="0.0"/>
  <testcase name="[6] [A-, Doolittle, Owen, anny.md@mail.edu], true" classname="tracker.studentsmanager.StudentCredentialsParserTest" time="0.001"/>
  <testcase name="[7] [.y, Owen, Doolittle, Owen, erty.md@mail.edu], true" classname="tracker.studentsmanager.StudentCredentialsParserTest" time="0.001"/>
  <testcase name="[8] [John, Smith, --, Owen, jsmith2@hotmail.com], true" classname="tracker.studentsmanager.StudentCredentialsParserTest" time="0.001"/>
  <testcase name="[9] [Anny, anny.md2@mail.edu], false" classname="tracker.studentsmanager.StudentCredentialsParserTest" time="0.0"/>
  <testcase name="[10] [Jean-Claude], false" classname="tracker.studentsmanager.StudentCredentialsParserTest" time="0.001"/>
  <testcase name="[11] [Mary Emelianenko 125367at2@zzz90.z9], false" classname="tracker.studentsmanager.StudentCredentialsParserTest" time="0.0"/>
  <testcase name="[12] [Al, Owen u15da1252@a1s2f4f7.a1c2c5s4], false" classname="tracker.studentsmanager.StudentCredentialsParserTest" time="0.001"/>
  <testcase name="[13] [], false" classname="tracker.studentsmanager.StudentCredentialsParserTest" time="0.001"/>
  <testcase name="[14] [A-, Doolittle], false" classname="tracker.studentsmanager.StudentCredentialsParserTest" time="0.001"/>
  <testcase name="[15] [erty.md2@mail.edu], false" classname="tracker.studentsmanager.StudentCredentialsParserTest" time="0.0"/>
  <testcase name="[1] [John, Smith, jsmith@hotmail.com], John" classname="tracker.studentsmanager.StudentCredentialsParserTest" time="0.001"/>
  <testcase name="[2] [Anny, Doolittle, anny.md@mail.edu], Anny" classname="tracker.studentsmanager.StudentCredentialsParserTest" time="0.0"/>
  <testcase name="[3] [John's, Smith, jsmith2@hotmail.com], John's" classname="tracker.studentsmanager.StudentCredentialsParserTest" time="0.001"/>
  <testcase name="[4] [Jean-Claude, O'Connor, jcda123@google.net], Jean-Claude" classname="tracker.studentsmanager.StudentCredentialsParserTest" time="0.0"/>
  <testcase name="[5] [J., Smith, mith@hotmail.com], J." classname="tracker.studentsmanager.StudentCredentialsParserTest" time="0.001"/>
  <testcase name="[6] [A-, Doolittle, anny.md@mail.edu], A-" classname="tracker.studentsmanager.StudentCredentialsParserTest" time="0.001"/>
  <testcase name="[7] [.y, Owen, erty.md@mail.edu], .y" classname="tracker.studentsmanager.StudentCredentialsParserTest" time="0.001"/>
  <testcase name="[1] [John, Smith, jsmith@hotmail.com], jsmith@hotmail.com" classname="tracker.studentsmanager.StudentCredentialsParserTest" time="0.001"/>
  <testcase name="[2] [Anny, Doolittle, anny.md@mail.edu], anny.md@mail.edu" classname="tracker.studentsmanager.StudentCredentialsParserTest" time="0.001"/>
  <testcase name="[3] [Jean-Claude, O'Connor, jcda123@google.net], jcda123@google.net" classname="tracker.studentsmanager.StudentCredentialsParserTest" time="0.001"/>
  <testcase name="[4] [Mary, Emelianenko, 125367at@zzz90.z9], 125367at@zzz90.z9" classname="tracker.studentsmanager.StudentCredentialsParserTest" time="0.0"/>
  <testcase name="[5] [Al, Owen, O'Connor, u15da125@a1s2f4f7.a1c2c5s4], u15da125@a1s2f4f7.a1c2c5s4" classname="tracker.studentsmanager.StudentCredentialsParserTest" time="0.001"/>
  <testcase name="[6] [Al, Owen, O'Connor, Campos, u15da1255@a1s2f4f7.], u15da1255@a1s2f4f7." classname="tracker.studentsmanager.StudentCredentialsParserTest" time="0.0"/>
  <testcase name="[7] [Al, Owen, O'Connor, Campos, name@company], name@company" classname="tracker.studentsmanager.StudentCredentialsParserTest" time="0.001"/>
  <testcase name="[8] [Al, Owen, O'Connor, Campos, nameATcompany.coom], nameATcompany.coom" classname="tracker.studentsmanager.StudentCredentialsParserTest" time="0.001"/>
  <testcase name="[1] John, true" classname="tracker.studentsmanager.StudentCredentialsParserTest" time="0.001"/>
  <testcase name="[2] Anny, true" classname="tracker.studentsmanager.StudentCredentialsParserTest" time="0.001"/>
  <testcase name="[3] John's, true" classname="tracker.studentsmanager.StudentCredentialsParserTest" time="0.001"/>
  <testcase name="[4] Jean-Claude, true" classname="tracker.studentsmanager.StudentCredentialsParserTest" time="0.001"/>
  <testcase name="[5] Mary, true" classname="tracker.studentsmanager.StudentCredentialsParserTest" time="0.001"/>
  <testcase name="[6] Al, true" classname="tracker.studentsmanager.StudentCredentialsParserTest" time="0.001"/>
  <testcase name="[7] Anny', false" classname="tracker.studentsmanager.StudentCredentialsParserTest" time="0.001"/>
  <testcase name="[8] J., false" classname="tracker.studentsmanager.StudentCredentialsParserTest" time="0.0"/>
  <testcase name="[9] A-, false" classname="tracker.studentsmanager.StudentCredentialsParserTest" time="0.002"/>
  <testcase name="[10] .y, false" classname="tracker.studentsmanager.StudentCredentialsParserTest" time="0.001"/>
  <testcase name="[11] y, false" classname="tracker.studentsmanager.StudentCredentialsParserTest" time="0.001"/>
  <testcase name="[12] ., false" classname="tracker.studentsmanager.StudentCredentialsParserTest" time="0.001"/>
  <testcase name="[13] José, false" classname="tracker.studentsmanager.StudentCredentialsParserTest" time="0.001"/>
  <testcase name="[14] Caça, false" classname="tracker.studentsmanager.StudentCredentialsParserTest" time="0.001"/>
  <testcase name="[1] Smith, true" classname="tracker.studentsmanager.StudentCredentialsParserTest" time="0.001"/>
  <testcase name="[2] Doolittle, true" classname="tracker.studentsmanager.StudentCredentialsParserTest" time="0.001"/>
  <testcase name="[3] Doolittle Ann, true" classname="tracker.studentsmanager.StudentCredentialsParserTest" time="0.001"/>
  <testcase name="[4] Sebastian el Cano, true" classname="tracker.studentsmanager.StudentCredentialsParserTest" time="0.0"/>
  <testcase name="[5] O'Connor, true" classname="tracker.studentsmanager.StudentCredentialsParserTest" time="0.001"/>
  <testcase name="[6] Emelianenko, true" classname="tracker.studentsmanager.StudentCredentialsParserTest" time="0.0"/>
  <testcase name="[7] Owen O'Connor, true" classname="tracker.studentsmanager.StudentCredentialsParserTest" time="0.001"/>
  <testcase name="[8] Owen O'Connor Campos, true" classname="tracker.studentsmanager.StudentCredentialsParserTest" time="0.001"/>
  <testcase name="[9] Seb'ast'ia-n e-l Ca'n-o, true" classname="tracker.studentsmanager.StudentCredentialsParserTest" time="0.001"/>
  <testcase name="[10] Doolittle-2, false" classname="tracker.studentsmanager.StudentCredentialsParserTest" time="0.001"/>
  <testcase name="[11] Owen O'Con--nor, false" classname="tracker.studentsmanager.StudentCredentialsParserTest" time="0.001"/>
  <testcase name="[12] Doolittle-, false" classname="tracker.studentsmanager.StudentCredentialsParserTest" time="0.001"/>
  <testcase name="[13] Doolittle-', false" classname="tracker.studentsmanager.StudentCredentialsParserTest" time="0.0"/>
  <testcase name="[14] - 4, false" classname="tracker.studentsmanager.StudentCredentialsParserTest" time="0.001"/>
  <testcase name="[1] [John, Smith, jsmith@hotmail.com], Smith" classname="tracker.studentsmanager.StudentCredentialsParserTest" time="0.001"/>
  <testcase name="[2] [Anny, Doolittle, anny.md@mail.edu], Doolittle" classname="tracker.studentsmanager.StudentCredentialsParserTest" time="0.001"/>
  <testcase name="[3] [Anny, Doolittle, Ann, eras.md@mail.edu], Doolittle Ann" classname="tracker.studentsmanager.StudentCredentialsParserTest" time="0.001"/>
  <testcase name="[4] [Juan, Sebastian, el, Cano, cano.md@mail.edu], Sebastian el Cano" classname="tracker.studentsmanager.StudentCredentialsParserTest" time="0.001"/>
  <testcase name="[5] [Jean-Claude, O'Connor, jcda123@google.net], O'Connor" classname="tracker.studentsmanager.StudentCredentialsParserTest" time="0.0"/>
  <testcase name="[6] [Mary, Emelianenko, 125367at@zzz90.z9], Emelianenko" classname="tracker.studentsmanager.StudentCredentialsParserTest" time="0.001"/>
  <testcase name="[7] [Anny, Doolittle-2, anny.md6@mail.edu], Doolittle-2" classname="tracker.studentsmanager.StudentCredentialsParserTest" time="0.0"/>
  <testcase name="[8] [Al, Owen, O'Connor, u15da125@a1s2f4f7.a1c2c5s4], Owen O'Connor" classname="tracker.studentsmanager.StudentCredentialsParserTest" time="0.001"/>
  <testcase name="[9] [Al, Owen, O'Connor, Campos, u15da1255@a1s2f4f7.a1c2c5s4], Owen O'Connor Campos" classname="tracker.studentsmanager.StudentCredentialsParserTest" time="0.001"/>
  <testcase name="[10] [Juan, Seb'ast'ia-n, e-l, Ca'n-o, cano2.md@mail.edu], Seb'ast'ia-n e-l Ca'n-o" classname="tracker.studentsmanager.StudentCredentialsParserTest" time="0.001"/>
  <testcase name="[11] [Al, Owen, O'Con--nor, u15da1255@a1s2f4f7.a1c2c5s4], Owen O'Con--nor" classname="tracker.studentsmanager.StudentCredentialsParserTest" time="0.001"/>
  <testcase name="[12] [Anny, Doolittle-, anny.md2@mail.edu], Doolittle-" classname="tracker.studentsmanager.StudentCredentialsParserTest" time="0.0"/>
  <testcase name="[13] [Anny, Doolittle-', anny.md3@mail.edu], Doolittle-'" classname="tracker.studentsmanager.StudentCredentialsParserTest" time="0.001"/>
  <testcase name="[14] [Anny, -, 4, anny.md4@mail.edu], - 4" classname="tracker.studentsmanager.StudentCredentialsParserTest" time="0.001"/>
  <system-out><![CDATA[]]></system-out>
  <system-err><![CDATA[]]></system-err>
</testsuite>
